  main.cpp
D:\UserFolder\Desktop\Computer Graphics Lab\Project\3D_Kitchen_Room_Lighting\basic_camera.h(92,9): warning C4068: unknown pragma 'oncea'
D:\UserFolder\Desktop\Computer Graphics Lab\Project\3D_Kitchen_Room_Lighting\cylinder.h(205,26): warning C4244: 'initializing': conversion from 'double' to 'float', possible loss of data
D:\UserFolder\Desktop\Computer Graphics Lab\Project\3D_Kitchen_Room_Lighting\cylinder.h(225,26): warning C4244: '=': conversion from 'double' to 'float', possible loss of data
D:\UserFolder\Desktop\Computer Graphics Lab\Project\3D_Kitchen_Room_Lighting\cylinder.h(227,26): warning C4244: '=': conversion from 'double' to 'float', possible loss of data
D:\UserFolder\Desktop\Computer Graphics Lab\Project\3D_Kitchen_Room_Lighting\cylinder.h(203,28): warning C4101: 'xz': unreferenced local variable
D:\UserFolder\Desktop\Computer Graphics Lab\Project\3D_Kitchen_Room_Lighting\cone.h(148,26): warning C4244: 'initializing': conversion from 'double' to 'float', possible loss of data
D:\UserFolder\Desktop\Computer Graphics Lab\Project\3D_Kitchen_Room_Lighting\sphere.h(198,26): warning C4244: 'initializing': conversion from 'double' to 'float', possible loss of data
D:\UserFolder\Desktop\Computer Graphics Lab\Project\3D_Kitchen_Room_Lighting\sphere.h(199,25): warning C4244: 'initializing': conversion from 'double' to 'float', possible loss of data
D:\UserFolder\Desktop\Computer Graphics Lab\Project\3D_Kitchen_Room_Lighting\sphere.h(203,33): warning C4244: '=': conversion from 'double' to 'float', possible loss of data
D:\UserFolder\Desktop\Computer Graphics Lab\Project\3D_Kitchen_Room_Lighting\cylinder_base.h(204,26): warning C4244: 'initializing': conversion from 'double' to 'float', possible loss of data
D:\UserFolder\Desktop\Computer Graphics Lab\Project\3D_Kitchen_Room_Lighting\cylinder_base.h(257,31): warning C4267: 'initializing': conversion from 'size_t' to 'int', possible loss of data
D:\UserFolder\Desktop\Computer Graphics Lab\Project\3D_Kitchen_Room_Lighting\cylinder_base.h(275,28): warning C4267: 'initializing': conversion from 'size_t' to 'int', possible loss of data
D:\UserFolder\Desktop\Computer Graphics Lab\Project\3D_Kitchen_Room_Lighting\main.cpp(270,5): warning C4305: 'argument': truncation from 'double' to 'float'
D:\UserFolder\Desktop\Computer Graphics Lab\Project\3D_Kitchen_Room_Lighting\main.cpp(280,5): warning C4305: 'argument': truncation from 'double' to 'float'
D:\UserFolder\Desktop\Computer Graphics Lab\Project\3D_Kitchen_Room_Lighting\main.cpp(290,5): warning C4305: 'argument': truncation from 'double' to 'float'
D:\UserFolder\Desktop\Computer Graphics Lab\Project\3D_Kitchen_Room_Lighting\main.cpp(300,5): warning C4305: 'argument': truncation from 'double' to 'float'
D:\UserFolder\Desktop\Computer Graphics Lab\Project\3D_Kitchen_Room_Lighting\main.cpp(310,5): warning C4305: 'argument': truncation from 'double' to 'float'
D:\UserFolder\Desktop\Computer Graphics Lab\Project\3D_Kitchen_Room_Lighting\main.cpp(320,5): warning C4305: 'argument': truncation from 'double' to 'float'
D:\UserFolder\Desktop\Computer Graphics Lab\Project\3D_Kitchen_Room_Lighting\main.cpp(330,5): warning C4305: 'argument': truncation from 'double' to 'float'
D:\UserFolder\Desktop\Computer Graphics Lab\Project\3D_Kitchen_Room_Lighting\main.cpp(340,5): warning C4305: 'argument': truncation from 'double' to 'float'
D:\UserFolder\Desktop\Computer Graphics Lab\Project\3D_Kitchen_Room_Lighting\main.cpp(350,5): warning C4305: 'argument': truncation from 'double' to 'float'
D:\UserFolder\Desktop\Computer Graphics Lab\Project\3D_Kitchen_Room_Lighting\main.cpp(360,5): warning C4305: 'argument': truncation from 'double' to 'float'
D:\UserFolder\Desktop\Computer Graphics Lab\Project\3D_Kitchen_Room_Lighting\main.cpp(831,70): warning C4305: 'argument': truncation from 'double' to 'float'
D:\UserFolder\Desktop\Computer Graphics Lab\Project\3D_Kitchen_Room_Lighting\main.cpp(831,65): warning C4305: 'argument': truncation from 'double' to 'float'
D:\UserFolder\Desktop\Computer Graphics Lab\Project\3D_Kitchen_Room_Lighting\main.cpp(831,60): warning C4305: 'argument': truncation from 'double' to 'float'
D:\UserFolder\Desktop\Computer Graphics Lab\Project\3D_Kitchen_Room_Lighting\main.cpp(838,63): warning C4305: 'argument': truncation from 'double' to 'float'
D:\UserFolder\Desktop\Computer Graphics Lab\Project\3D_Kitchen_Room_Lighting\main.cpp(838,54): warning C4305: 'argument': truncation from 'double' to 'float'
D:\UserFolder\Desktop\Computer Graphics Lab\Project\3D_Kitchen_Room_Lighting\main.cpp(844,50): warning C4305: 'argument': truncation from 'double' to 'float'
D:\UserFolder\Desktop\Computer Graphics Lab\Project\3D_Kitchen_Room_Lighting\main.cpp(845,50): warning C4305: 'argument': truncation from 'double' to 'float'
D:\UserFolder\Desktop\Computer Graphics Lab\Project\3D_Kitchen_Room_Lighting\main.cpp(1520,26): warning C4305: '+=': truncation from 'double' to 'float'
D:\UserFolder\Desktop\Computer Graphics Lab\Project\3D_Kitchen_Room_Lighting\main.cpp(1608,61): warning C4305: 'argument': truncation from 'double' to 'float'
D:\UserFolder\Desktop\Computer Graphics Lab\Project\3D_Kitchen_Room_Lighting\main.cpp(1609,61): warning C4305: 'argument': truncation from 'double' to 'float'
D:\UserFolder\Desktop\Computer Graphics Lab\Project\3D_Kitchen_Room_Lighting\main.cpp(1825,54): warning C4267: 'argument': conversion from 'size_t' to 'GLsizei', possible loss of data
D:\UserFolder\Desktop\Computer Graphics Lab\Project\3D_Kitchen_Room_Lighting\main.cpp(1851,23): warning C4305: '-=': truncation from 'double' to 'float'
D:\UserFolder\Desktop\Computer Graphics Lab\Project\3D_Kitchen_Room_Lighting\main.cpp(1861,22): warning C4305: '+=': truncation from 'double' to 'float'
D:\UserFolder\Desktop\Computer Graphics Lab\Project\3D_Kitchen_Room_Lighting\main.cpp(1024,124): warning C4101: 'InvRotateTranslateMatrix': unreferenced local variable
D:\UserFolder\Desktop\Computer Graphics Lab\Project\3D_Kitchen_Room_Lighting\main.cpp(1024,101): warning C4101: 'RotateTranslateMatrix': unreferenced local variable
D:\UserFolder\Desktop\Computer Graphics Lab\Project\3D_Kitchen_Room_Lighting\main.cpp(2284,29): warning C4267: 'initializing': conversion from 'size_t' to 'unsigned int', possible loss of data
D:\UserFolder\Desktop\Computer Graphics Lab\Project\3D_Kitchen_Room_Lighting\main.cpp(2335,32): warning C4101: 'rotateXMatrix': unreferenced local variable
D:\UserFolder\Desktop\Computer Graphics Lab\Project\3D_Kitchen_Room_Lighting\main.cpp(2335,77): warning C4101: 'scaleMatrix': unreferenced local variable
D:\UserFolder\Desktop\Computer Graphics Lab\Project\3D_Kitchen_Room_Lighting\main.cpp(2335,62): warning C4101: 'rotateZMatrix': unreferenced local variable
D:\UserFolder\Desktop\Computer Graphics Lab\Project\3D_Kitchen_Room_Lighting\main.cpp(2335,47): warning C4101: 'rotateYMatrix': unreferenced local variable
D:\UserFolder\Desktop\Computer Graphics Lab\Project\3D_Kitchen_Room_Lighting\main.cpp(2349,32): warning C4101: 'rotateXMatrix': unreferenced local variable
D:\UserFolder\Desktop\Computer Graphics Lab\Project\3D_Kitchen_Room_Lighting\main.cpp(2349,62): warning C4101: 'rotateZMatrix': unreferenced local variable
D:\UserFolder\Desktop\Computer Graphics Lab\Project\3D_Kitchen_Room_Lighting\main.cpp(2349,47): warning C4101: 'rotateYMatrix': unreferenced local variable
D:\UserFolder\Desktop\Computer Graphics Lab\Project\3D_Kitchen_Room_Lighting\main.cpp(2390,32): warning C4101: 'rotateXMatrix': unreferenced local variable
D:\UserFolder\Desktop\Computer Graphics Lab\Project\3D_Kitchen_Room_Lighting\main.cpp(2390,62): warning C4101: 'rotateZMatrix': unreferenced local variable
D:\UserFolder\Desktop\Computer Graphics Lab\Project\3D_Kitchen_Room_Lighting\main.cpp(2412,32): warning C4101: 'rotateXMatrix': unreferenced local variable
D:\UserFolder\Desktop\Computer Graphics Lab\Project\3D_Kitchen_Room_Lighting\main.cpp(2412,62): warning C4101: 'rotateZMatrix': unreferenced local variable
D:\UserFolder\Desktop\Computer Graphics Lab\Project\3D_Kitchen_Room_Lighting\main.cpp(2570,32): warning C4101: 'rotateXMatrix': unreferenced local variable
D:\UserFolder\Desktop\Computer Graphics Lab\Project\3D_Kitchen_Room_Lighting\main.cpp(2570,62): warning C4101: 'rotateZMatrix': unreferenced local variable
D:\UserFolder\Desktop\Computer Graphics Lab\Project\3D_Kitchen_Room_Lighting\main.cpp(2570,47): warning C4101: 'rotateYMatrix': unreferenced local variable
D:\UserFolder\Desktop\Computer Graphics Lab\Project\3D_Kitchen_Room_Lighting\main.cpp(2599,32): warning C4101: 'rotateXMatrix': unreferenced local variable
D:\UserFolder\Desktop\Computer Graphics Lab\Project\3D_Kitchen_Room_Lighting\main.cpp(2599,47): warning C4101: 'rotateYMatrix': unreferenced local variable
D:\UserFolder\Desktop\Computer Graphics Lab\Project\3D_Kitchen_Room_Lighting\main.cpp(2636,32): warning C4101: 'rotateXMatrix': unreferenced local variable
D:\UserFolder\Desktop\Computer Graphics Lab\Project\3D_Kitchen_Room_Lighting\main.cpp(2636,62): warning C4101: 'rotateZMatrix': unreferenced local variable
D:\UserFolder\Desktop\Computer Graphics Lab\Project\3D_Kitchen_Room_Lighting\main.cpp(2636,47): warning C4101: 'rotateYMatrix': unreferenced local variable
D:\UserFolder\Desktop\Computer Graphics Lab\Project\3D_Kitchen_Room_Lighting\main.cpp(2697,32): warning C4101: 'rotateXMatrix': unreferenced local variable
D:\UserFolder\Desktop\Computer Graphics Lab\Project\3D_Kitchen_Room_Lighting\main.cpp(2697,62): warning C4101: 'rotateZMatrix': unreferenced local variable
D:\UserFolder\Desktop\Computer Graphics Lab\Project\3D_Kitchen_Room_Lighting\main.cpp(2697,47): warning C4101: 'rotateYMatrix': unreferenced local variable
D:\UserFolder\Desktop\Computer Graphics Lab\Project\3D_Kitchen_Room_Lighting\main.cpp(2733,32): warning C4101: 'rotateXMatrix': unreferenced local variable
D:\UserFolder\Desktop\Computer Graphics Lab\Project\3D_Kitchen_Room_Lighting\main.cpp(2733,62): warning C4101: 'rotateZMatrix': unreferenced local variable
D:\UserFolder\Desktop\Computer Graphics Lab\Project\3D_Kitchen_Room_Lighting\main.cpp(2733,47): warning C4101: 'rotateYMatrix': unreferenced local variable
D:\UserFolder\Desktop\Computer Graphics Lab\Project\3D_Kitchen_Room_Lighting\main.cpp(2804,46): warning C4267: 'argument': conversion from 'size_t' to 'GLsizei', possible loss of data
D:\UserFolder\Desktop\Computer Graphics Lab\Project\3D_Kitchen_Room_Lighting\main.cpp(2826,46): warning C4267: 'argument': conversion from 'size_t' to 'GLsizei', possible loss of data
D:\UserFolder\Desktop\Computer Graphics Lab\Project\3D_Kitchen_Room_Lighting\main.cpp(2832,21): warning C4244: 'initializing': conversion from 'double' to 'float', possible loss of data
D:\UserFolder\Desktop\Computer Graphics Lab\Project\3D_Kitchen_Room_Lighting\main.cpp(2899,24): warning C4267: 'initializing': conversion from 'size_t' to 'int', possible loss of data
D:\UserFolder\Desktop\Computer Graphics Lab\Project\3D_Kitchen_Room_Lighting\main.cpp(2920,27): warning C4267: 'initializing': conversion from 'size_t' to 'int', possible loss of data
D:\UserFolder\Desktop\Computer Graphics Lab\Project\3D_Kitchen_Room_Lighting\main.cpp(2945,21): warning C4244: 'initializing': conversion from 'double' to 'float', possible loss of data
D:\UserFolder\Desktop\Computer Graphics Lab\Project\3D_Kitchen_Room_Lighting\main.cpp(2965,18): warning C4267: 'initializing': conversion from 'size_t' to 'int', possible loss of data
D:\UserFolder\Desktop\Computer Graphics Lab\Project\3D_Kitchen_Room_Lighting\main.cpp(2976,25): warning C4267: 'initializing': conversion from 'size_t' to 'int', possible loss of data
D:\UserFolder\Desktop\Computer Graphics Lab\Project\3D_Kitchen_Room_Lighting\main.cpp(3034,22): warning C4244: 'initializing': conversion from 'double' to 'float', possible loss of data
D:\UserFolder\Desktop\Computer Graphics Lab\Project\3D_Kitchen_Room_Lighting\main.cpp(3035,21): warning C4244: 'initializing': conversion from 'double' to 'float', possible loss of data
D:\UserFolder\Desktop\Computer Graphics Lab\Project\3D_Kitchen_Room_Lighting\main.cpp(3039,31): warning C4244: '=': conversion from 'double' to 'float', possible loss of data
D:\UserFolder\Desktop\Computer Graphics Lab\Project\3D_Kitchen_Room_Lighting\main.cpp(3092,32): warning C4101: 'rotateXMatrix': unreferenced local variable
D:\UserFolder\Desktop\Computer Graphics Lab\Project\3D_Kitchen_Room_Lighting\main.cpp(3092,62): warning C4101: 'rotateZMatrix': unreferenced local variable
D:\UserFolder\Desktop\Computer Graphics Lab\Project\3D_Kitchen_Room_Lighting\main.cpp(3092,47): warning C4101: 'rotateYMatrix': unreferenced local variable
D:\UserFolder\Desktop\Computer Graphics Lab\Project\3D_Kitchen_Room_Lighting\main.cpp(3610,120): warning C4101: 'InvRotateTranslateMatrix': unreferenced local variable
D:\UserFolder\Desktop\Computer Graphics Lab\Project\3D_Kitchen_Room_Lighting\main.cpp(3610,97): warning C4101: 'RotateTranslateMatrix': unreferenced local variable
D:\UserFolder\Desktop\Computer Graphics Lab\Project\3D_Kitchen_Room_Lighting\main.cpp(3610,32): warning C4101: 'rotateXMatrix': unreferenced local variable
D:\UserFolder\Desktop\Computer Graphics Lab\Project\3D_Kitchen_Room_Lighting\main.cpp(3610,62): warning C4101: 'rotateZMatrix': unreferenced local variable
D:\UserFolder\Desktop\Computer Graphics Lab\Project\3D_Kitchen_Room_Lighting\main.cpp(3610,47): warning C4101: 'rotateYMatrix': unreferenced local variable
D:\UserFolder\Desktop\Computer Graphics Lab\Project\3D_Kitchen_Room_Lighting\main.cpp(3731,44): warning C4244: 'initializing': conversion from 'double' to 'float', possible loss of data
D:\UserFolder\Desktop\Computer Graphics Lab\Project\3D_Kitchen_Room_Lighting\main.cpp(3731,24): warning C4244: 'initializing': conversion from 'double' to 'const float', possible loss of data
D:\UserFolder\Desktop\Computer Graphics Lab\Project\3D_Kitchen_Room_Lighting\main.cpp(3734,14): warning C4305: 'initializing': truncation from 'double' to 'float'
D:\UserFolder\Desktop\Computer Graphics Lab\Project\3D_Kitchen_Room_Lighting\main.cpp(3745,25): warning C4244: '=': conversion from 'double' to 'float', possible loss of data
D:\UserFolder\Desktop\Computer Graphics Lab\Project\3D_Kitchen_Room_Lighting\main.cpp(3752,19): warning C4244: '=': conversion from 'double' to 'float', possible loss of data
D:\UserFolder\Desktop\Computer Graphics Lab\Project\3D_Kitchen_Room_Lighting\main.cpp(3753,19): warning C4244: '=': conversion from 'double' to 'float', possible loss of data
  3D_Kitchen_Room.vcxproj -> D:\UserFolder\Desktop\Computer Graphics Lab\Project\3D_Kitchen_Room_Lighting\x64\Debug\3D_Kitchen_Room.exe
